#
# A fatal error has been detected by the Java Runtime Environment:
#
#  EXCEPTION_ACCESS_VIOLATION (0xc0000005) at pc=0x00000000561c022d, pid=10484, tid=0x0000000000002d78
#
# JRE version: Java(TM) SE Runtime Environment (8.0_131-b11) (build 1.8.0_131-b11)
# Java VM: Java HotSpot(TM) 64-Bit Server VM (25.131-b11 mixed mode windows-amd64 compressed oops)
# Problematic frame:
# V  [jvm.dll+0x1e022d]
#
# Failed to write core dump. Minidumps are not enabled by default on client versions of Windows
#
# If you would like to submit a bug report, please visit:
#   http://bugreport.java.com/bugreport/crash.jsp
#

---------------  T H R E A D  ---------------

Current thread (0x0000000019e01800):  JavaThread "BusinessExecutor6" daemon [_thread_in_vm, id=11640, stack(0x0000000026dd0000,0x0000000026ed0000)]

siginfo: ExceptionCode=0xc0000005, writing address 0x000000001b700d78

Registers:
RAX=0x0000000000000058, RBX=0x0000000019e01800, RCX=0x0000000000000180, RDX=0x0000000026eced98
RSP=0x0000000026eced40, RBP=0x000000001b700d78, RSI=0x0000000000000000, RDI=0x0000000000000000
R8 =0x0000000000000000, R9 =0x000000001b700d78, R10=0x0000000002c084d4, R11=0x0000000002c08498
R12=0x0000000000000000, R13=0x0000000026ecede8, R14=0x0000000026ecee78, R15=0x0000000019e01800
RIP=0x00000000561c022d, EFLAGS=0x0000000000010246

Top of Stack: (sp=0x0000000026eced40)
0x0000000026eced40:   0000000026eced88 0000000026eced48
0x0000000026eced50:   0000000027dca398 0000000026eced98
0x0000000026eced60:   0000000000000058 0000000002c08552
0x0000000026eced70:   0000000016bec110 0000000026ecedd0
0x0000000026eced80:   0000000000000030 0000000000000d38
0x0000000026eced90:   0000000000000058 00000000d55889a0
0x0000000026eceda0:   0000000000000000 0000000026eceda8
0x0000000026ecedb0:   0000000027db1fc0 0000000026ecee08
0x0000000026ecedc0:   0000000027db2870 0000000000000000
0x0000000026ecedd0:   0000000026ecee50 000000000284835d
0x0000000026ecede0:   000000000284835d 0000000000000058
0x0000000026ecedf0:   000000001b700d78 0000000000000d38
0x0000000026ecee00:   0000000000000000 00000000d55889a0
0x0000000026ecee10:   0000000026ecee10 000000001bde4bce
0x0000000026ecee20:   0000000026ecee78 000000001bde6768
0x0000000026ecee30:   0000000000000000 000000001bde4c00 

Instructions: (pc=0x00000000561c022d)
0x00000000561c020d:   74 08 48 8b cb e8 a9 2b 06 00 c7 83 70 02 00 00
0x00000000561c021d:   06 00 00 00 48 85 f6 74 03 48 8b 3e 8b 44 24 50
0x00000000561c022d:   89 04 2f 48 8b 7b 48 48 8b 47 10 48 8b 77 08 48
0x00000000561c023d:   83 38 00 74 15 48 8b 57 28 48 8b ce e8 72 de ee 


Register to memory mapping:

RAX=0x0000000000000058 is an unknown value
RBX=0x0000000019e01800 is a thread
RCX=0x0000000000000180 is an unknown value
RDX=0x0000000026eced98 is pointing into the stack for thread: 0x0000000019e01800
RSP=0x0000000026eced40 is pointing into the stack for thread: 0x0000000019e01800
RBP=0x000000001b700d78 is an unknown value
RSI=0x0000000000000000 is an unknown value
RDI=0x0000000000000000 is an unknown value
R8 =0x0000000000000000 is an unknown value
R9 =0x000000001b700d78 is an unknown value
R10=0x0000000002c084d4 is at entry_point+84 in (nmethod*)0x0000000002c08310
R11=0x0000000002c08498 is at entry_point+24 in (nmethod*)0x0000000002c08310
R12=0x0000000000000000 is an unknown value
R13=0x0000000026ecede8 is pointing into the stack for thread: 0x0000000019e01800
R14=0x0000000026ecee78 is pointing into the stack for thread: 0x0000000019e01800
R15=0x0000000019e01800 is a thread


Stack: [0x0000000026dd0000,0x0000000026ed0000],  sp=0x0000000026eced40,  free space=1019k
Native frames: (J=compiled Java code, j=interpreted, Vv=VM code, C=native code)
V  [jvm.dll+0x1e022d]
C  0x0000000002c08552

Java frames: (J=compiled Java code, j=interpreted, Vv=VM code)
J 1109  sun.misc.Unsafe.putInt(Ljava/lang/Object;JI)V (0 bytes) @ 0x0000000002c084d4 [0x0000000002c08480+0x54]
j  io.mycat.memory.unsafe.Platform.putInt(Ljava/lang/Object;JI)V+6
j  io.mycat.memory.unsafe.utils.sort.UnsafeExternalSorter.insertRecord(Ljava/lang/Object;JIJ)V+50
j  io.mycat.memory.unsafe.utils.sort.UnsafeExternalRowSorter.insertRow(Lio/mycat/memory/unsafe/row/UnsafeRow;)V+26
j  io.mycat.sqlengine.mpp.DataNodeMergeManager.run()V+487
j  java.util.concurrent.ThreadPoolExecutor.runWorker(Ljava/util/concurrent/ThreadPoolExecutor$Worker;)V+95
j  java.util.concurrent.ThreadPoolExecutor$Worker.run()V+5
j  java.lang.Thread.run()V+11
v  ~StubRoutines::call_stub

---------------  P R O C E S S  ---------------

Java Threads: ( => current thread )
  0x0000000019d2a800 JavaThread "DestroyJavaVM" [_thread_blocked, id=12280, stack(0x0000000002740000,0x0000000002840000)]
  0x0000000019e04800 JavaThread "Timer1" daemon [_thread_blocked, id=10820, stack(0x0000000027af0000,0x0000000027bf0000)]
  0x0000000019e04000 JavaThread "Timer0" daemon [_thread_blocked, id=11860, stack(0x0000000027710000,0x0000000027810000)]
  0x0000000019e03000 JavaThread "pool-2-thread-1" [_thread_blocked, id=9892, stack(0x00000000278b0000,0x00000000279b0000)]
  0x0000000019e02800 JavaThread "BusinessExecutor7" daemon [_thread_blocked, id=11004, stack(0x0000000027420000,0x0000000027520000)]
=>0x0000000019e01800 JavaThread "BusinessExecutor6" daemon [_thread_in_vm, id=11640, stack(0x0000000026dd0000,0x0000000026ed0000)]
  0x0000000019e01000 JavaThread "BusinessExecutor5" daemon [_thread_blocked, id=12004, stack(0x0000000027200000,0x0000000027300000)]
  0x0000000019e00000 JavaThread "BusinessExecutor4" daemon [_thread_blocked, id=11348, stack(0x0000000027310000,0x0000000027410000)]
  0x0000000019dff800 JavaThread "BusinessExecutor3" daemon [_thread_blocked, id=11500, stack(0x000000001a080000,0x000000001a180000)]
  0x0000000019dfe800 JavaThread "BusinessExecutor2" daemon [_thread_blocked, id=8484, stack(0x00000000270a0000,0x00000000271a0000)]
  0x0000000019dfe000 JavaThread "BusinessExecutor1" daemon [_thread_blocked, id=10920, stack(0x0000000026f00000,0x0000000027000000)]
  0x000000001a82e800 JavaThread "BusinessExecutor0" daemon [_thread_blocked, id=12284, stack(0x0000000026cd0000,0x0000000026dd0000)]
  0x000000001a82d800 JavaThread "$_MyCatServer" [_thread_in_native, id=4944, stack(0x0000000026b50000,0x0000000026c50000)]
  0x000000001a82d000 JavaThread "$_MyCatManager" [_thread_in_native, id=1416, stack(0x00000000269e0000,0x0000000026ae0000)]
  0x000000001a829000 JavaThread "$_NIOConnector" [_thread_in_native, id=7232, stack(0x0000000026830000,0x0000000026930000)]
  0x000000001a051800 JavaThread "$_NIOREACTOR-3-RW" [_thread_blocked, id=11948, stack(0x000000001bb50000,0x000000001bc50000)]
  0x000000001a04d000 JavaThread "$_NIOREACTOR-2-RW" [_thread_in_native, id=10684, stack(0x00000000266f0000,0x00000000267f0000)]
  0x000000001a04b000 JavaThread "$_NIOREACTOR-1-RW" [_thread_in_native, id=10384, stack(0x0000000026590000,0x0000000026690000)]
  0x000000001a056000 JavaThread "$_NIOREACTOR-0-RW" [_thread_in_native, id=11756, stack(0x0000000026490000,0x0000000026590000)]
  0x0000000019ca9800 JavaThread "net.sf.ehcache.CacheManager@13acb0d1" daemon [_thread_blocked, id=11372, stack(0x000000001bc90000,0x000000001bd90000)]
  0x0000000019fb7000 JavaThread "Thread-1" daemon [_thread_blocked, id=5852, stack(0x000000001b810000,0x000000001b910000)]
  0x0000000019cc6800 JavaThread "Log4j2-AsyncLoggerConfig-1" daemon [_thread_blocked, id=11624, stack(0x000000001a430000,0x000000001a530000)]
  0x0000000018a57000 JavaThread "Service Thread" daemon [_thread_blocked, id=12276, stack(0x0000000019520000,0x0000000019620000)]
  0x00000000189c4800 JavaThread "C1 CompilerThread2" daemon [_thread_blocked, id=11584, stack(0x0000000019420000,0x0000000019520000)]
  0x00000000189c3800 JavaThread "C2 CompilerThread1" daemon [_thread_blocked, id=11392, stack(0x00000000192b0000,0x00000000193b0000)]
  0x00000000189bc000 JavaThread "C2 CompilerThread0" daemon [_thread_blocked, id=9328, stack(0x0000000018f40000,0x0000000019040000)]
  0x00000000189a9000 JavaThread "Attach Listener" daemon [_thread_blocked, id=4336, stack(0x0000000019110000,0x0000000019210000)]
  0x00000000189a8800 JavaThread "Signal Dispatcher" daemon [_thread_blocked, id=10176, stack(0x0000000018e20000,0x0000000018f20000)]
  0x000000001754e000 JavaThread "Finalizer" daemon [_thread_blocked, id=12088, stack(0x00000000185c0000,0x00000000186c0000)]
  0x0000000017507000 JavaThread "Reference Handler" daemon [_thread_blocked, id=10772, stack(0x00000000188a0000,0x00000000189a0000)]

Other Threads:
  0x00000000174ff800 VMThread [stack: 0x0000000018740000,0x0000000018840000] [id=11944]
  0x0000000018a6f000 WatcherThread [stack: 0x0000000019770000,0x0000000019870000] [id=8304]

VM state:synchronizing (normal execution)

VM Mutex/Monitor currently owned by a thread:  ([mutex/lock_event])
[0x00000000023d8980] Threads_lock - owner thread: 0x00000000174ff800

Heap:
 PSYoungGen      total 305664K, used 188748K [0x00000000d5580000, 0x00000000eaa80000, 0x0000000100000000)
  eden space 262144K, 72% used [0x00000000d5580000,0x00000000e0dd3240,0x00000000e5580000)
  from space 43520K, 0% used [0x00000000e8000000,0x00000000e8000000,0x00000000eaa80000)
  to   space 43520K, 0% used [0x00000000e5580000,0x00000000e5580000,0x00000000e8000000)
 ParOldGen       total 699392K, used 0K [0x0000000080000000, 0x00000000aab00000, 0x00000000d5580000)
  object space 699392K, 0% used [0x0000000080000000,0x0000000080000000,0x00000000aab00000)
 Metaspace       used 18626K, capacity 18894K, committed 19328K, reserved 1067008K
  class space    used 2257K, capacity 2343K, committed 2432K, reserved 1048576K

Card table byte_map: [0x0000000011c00000,0x0000000012010000] byte_map_base: 0x0000000011800000

Marking Bits: (ParMarkBitMap*) 0x00000000567fc720
 Begin Bits: [0x0000000012770000, 0x0000000014770000)
 End Bits:   [0x0000000014770000, 0x0000000016770000)

Polling page: 0x0000000000330000

CodeCache: size=245760Kb used=4372Kb max_used=4532Kb free=241387Kb
 bounds [0x0000000002840000, 0x0000000002cb0000, 0x0000000011840000]
 total_blobs=1768 nmethods=1327 adapters=353
 compilation: enabled

Compilation events (10 events):
Event: 53.731 Thread 0x00000000189c4800 1431       3       java.util.regex.Matcher::find (69 bytes)
Event: 53.732 Thread 0x00000000189c4800 nmethod 1431 0x000000000295fb90 code [0x000000000295fd00, 0x00000000029600a8]
Event: 53.732 Thread 0x00000000189c4800 1432       1       org.apache.logging.log4j.core.impl.Log4jLogEvent::getLevel (5 bytes)
Event: 53.732 Thread 0x00000000189c4800 nmethod 1432 0x0000000002b26090 code [0x0000000002b261e0, 0x0000000002b262f0]
Event: 53.732 Thread 0x00000000189c4800 1433       1       org.apache.logging.log4j.Level::toString (5 bytes)
Event: 53.732 Thread 0x00000000189c4800 nmethod 1433 0x0000000002b2f090 code [0x0000000002b2f1e0, 0x0000000002b2f2f0]
Event: 53.733 Thread 0x00000000189c4800 1434       1       org.apache.logging.log4j.core.impl.Log4jLogEvent::getThrown (5 bytes)
Event: 53.733 Thread 0x00000000189c4800 nmethod 1434 0x0000000002a60710 code [0x0000000002a60860, 0x0000000002a60970]
Event: 53.733 Thread 0x00000000189c4800 1435       1       org.apache.logging.log4j.core.layout.PatternLayout::access$300 (5 bytes)
Event: 53.733 Thread 0x00000000189c4800 nmethod 1435 0x0000000002b2b210 code [0x0000000002b2b360, 0x0000000002b2b450]

GC Heap History (0 events):
No events

Deoptimization events (10 events):
Event: 32.923 Thread 0x000000001a04d000 Uncommon trap: reason=unstable_if action=reinterpret pc=0x0000000002a20a58 method=java.lang.AbstractStringBuilder.append(Ljava/lang/String;)Ljava/lang/AbstractStringBuilder; @ 1
Event: 32.998 Thread 0x000000001a04d000 Uncommon trap: reason=class_check action=maybe_recompile pc=0x00000000029f82e8 method=java.lang.String.equals(Ljava/lang/Object;)Z @ 8
Event: 40.100 Thread 0x000000001a04d000 Uncommon trap: reason=class_check action=maybe_recompile pc=0x00000000029f82e8 method=java.lang.String.equals(Ljava/lang/Object;)Z @ 8
Event: 40.101 Thread 0x000000001a04d000 Uncommon trap: reason=class_check action=maybe_recompile pc=0x00000000029f82e8 method=java.lang.String.equals(Ljava/lang/Object;)Z @ 8
Event: 40.141 Thread 0x000000001a04d000 Uncommon trap: reason=bimorphic action=maybe_recompile pc=0x0000000002c4c3a4 method=java.util.concurrent.locks.AbstractQueuedSynchronizer.release(I)Z @ 2
Event: 40.141 Thread 0x000000001a04d000 Uncommon trap: reason=bimorphic action=maybe_recompile pc=0x0000000002c4c3a4 method=java.util.concurrent.locks.AbstractQueuedSynchronizer.release(I)Z @ 2
Event: 40.174 Thread 0x000000001a04d000 Uncommon trap: reason=unstable_if action=reinterpret pc=0x0000000002b033c8 method=java.lang.String$CaseInsensitiveComparator.compare(Ljava/lang/String;Ljava/lang/String;)I @ 70
Event: 40.177 Thread 0x000000001a04d000 Uncommon trap: reason=class_check action=maybe_recompile pc=0x00000000029f82e8 method=java.lang.String.equals(Ljava/lang/Object;)Z @ 8
Event: 43.438 Thread 0x000000001a04d000 Uncommon trap: reason=bimorphic action=maybe_recompile pc=0x0000000002c4c3a4 method=java.util.concurrent.locks.AbstractQueuedSynchronizer.release(I)Z @ 2
Event: 43.438 Thread 0x000000001a04d000 Uncommon trap: reason=bimorphic action=maybe_recompile pc=0x0000000002c4c3a4 method=java.util.concurrent.locks.AbstractQueuedSynchronizer.release(I)Z @ 2

Internal exceptions (10 events):
Event: 0.696 Thread 0x00000000020af000 Exception <a 'java/lang/ClassNotFoundException': io/mycat/route/function/PartitionByRangeModBeanInfo> (0x00000000d879e4e8) thrown at [C:\re\workspace\8-2-build-windows-amd64-cygwin\jdk8u131\8869\hotspot\src\share\vm\classfile\systemDictionary.cpp, line 21
Event: 0.696 Thread 0x00000000020af000 Exception <a 'java/lang/ClassNotFoundException': io/mycat/route/function/PartitionByRangeModCustomizer> (0x00000000d87a8ed0) thrown at [C:\re\workspace\8-2-build-windows-amd64-cygwin\jdk8u131\8869\hotspot\src\share\vm\classfile\systemDictionary.cpp, line 
Event: 0.698 Thread 0x00000000020af000 Exception <a 'java/lang/ClassNotFoundException': io/mycat/route/function/PartitionByJumpConsistentHashBeanInfo> (0x00000000d87d37c0) thrown at [C:\re\workspace\8-2-build-windows-amd64-cygwin\jdk8u131\8869\hotspot\src\share\vm\classfile\systemDictionary.cp
Event: 0.698 Thread 0x00000000020af000 Exception <a 'java/lang/ClassNotFoundException': io/mycat/route/function/PartitionByJumpConsistentHashCustomizer> (0x00000000d87df5f0) thrown at [C:\re\workspace\8-2-build-windows-amd64-cygwin\jdk8u131\8869\hotspot\src\share\vm\classfile\systemDictionary.
Event: 0.726 Thread 0x00000000020af000 Exception <a 'java/lang/ClassNotFoundException': io/mycat/config/model/SystemConfigBeanInfo> (0x00000000d88fed50) thrown at [C:\re\workspace\8-2-build-windows-amd64-cygwin\jdk8u131\8869\hotspot\src\share\vm\classfile\systemDictionary.cpp, line 210]
Event: 0.726 Thread 0x00000000020af000 Exception <a 'java/lang/ClassNotFoundException': io/mycat/config/model/SystemConfigCustomizer> (0x00000000d8908310) thrown at [C:\re\workspace\8-2-build-windows-amd64-cygwin\jdk8u131\8869\hotspot\src\share\vm\classfile\systemDictionary.cpp, line 210]
Event: 1.200 Thread 0x00000000020af000 Exception <a 'java/lang/NoSuchFieldError': method resolution failed> (0x00000000d9dc7798) thrown at [C:\re\workspace\8-2-build-windows-amd64-cygwin\jdk8u131\8869\hotspot\src\share\vm\prims\methodHandles.cpp, line 1146]
Event: 1.201 Thread 0x00000000020af000 Exception <a 'java/lang/NoSuchFieldError': method resolution failed> (0x00000000d9dd4e58) thrown at [C:\re\workspace\8-2-build-windows-amd64-cygwin\jdk8u131\8869\hotspot\src\share\vm\prims\methodHandles.cpp, line 1146]
Event: 32.923 Thread 0x000000001a04d000 Implicit null exception at 0x0000000002a2f016 to 0x0000000002a2f3b9
Event: 32.923 Thread 0x000000001a04d000 Implicit null exception at 0x0000000002a20696 to 0x0000000002a20a41

Events (10 events):
Event: 53.727 Thread 0x00000000189c4800 flushing nmethod 0x0000000002b11110
Event: 53.729 Thread 0x00000000189c4800 flushing nmethod 0x0000000002b12a90
Event: 53.729 Thread 0x00000000189c4800 flushing nmethod 0x0000000002b25f90
Event: 53.729 Thread 0x00000000189c4800 flushing nmethod 0x0000000002b2b090
Event: 53.729 Thread 0x00000000189c4800 flushing nmethod 0x0000000002b2b750
Event: 53.729 Thread 0x00000000189c4800 flushing nmethod 0x0000000002b2bd50
Event: 53.729 Thread 0x00000000189c4800 flushing nmethod 0x0000000002b2ef90
Event: 53.730 Thread 0x00000000189c4800 flushing nmethod 0x0000000002bb3e10
Event: 53.730 Thread 0x00000000189c4800 flushing nmethod 0x0000000002bcca90
Event: 53.734 Executing VM operation: RevokeBias


Dynamic libraries:
0x000000013fbb0000 - 0x000000013fbe7000 	C:\Program Files\Java\jdk1.8.0_131\bin\java.exe
0x0000000077c80000 - 0x0000000077e2a000 	C:\Windows\SYSTEM32\ntdll.dll
0x0000000077a60000 - 0x0000000077b7f000 	C:\Windows\system32\kernel32.dll
0x000007fefdb40000 - 0x000007fefdbaa000 	C:\Windows\system32\KERNELBASE.dll
0x000007feffeb0000 - 0x000007fefff8b000 	C:\Windows\system32\ADVAPI32.dll
0x000007fefec60000 - 0x000007fefecff000 	C:\Windows\system32\msvcrt.dll
0x000007fefdd30000 - 0x000007fefdd4f000 	C:\Windows\SYSTEM32\sechost.dll
0x000007fefed00000 - 0x000007fefee2d000 	C:\Windows\system32\RPCRT4.dll
0x0000000077b80000 - 0x0000000077c7a000 	C:\Windows\system32\USER32.dll
0x000007fefe150000 - 0x000007fefe1b7000 	C:\Windows\system32\GDI32.dll
0x000007fefe3f0000 - 0x000007fefe3fe000 	C:\Windows\system32\LPK.dll
0x000007fefe760000 - 0x000007fefe82b000 	C:\Windows\system32\USP10.dll
0x000007fefc2b0000 - 0x000007fefc4a4000 	C:\Windows\WinSxS\amd64_microsoft.windows.common-controls_6595b64144ccf1df_6.0.7601.18837_none_fa3b1e3d17594757\COMCTL32.dll
0x000007fefe880000 - 0x000007fefe8f1000 	C:\Windows\system32\SHLWAPI.dll
0x000007fefe900000 - 0x000007fefe92e000 	C:\Windows\system32\IMM32.DLL
0x000007fefe040000 - 0x000007fefe149000 	C:\Windows\system32\MSCTF.dll
0x000007fefd8a0000 - 0x000007fefd8d1000 	C:\Windows\system32\nvinitx.dll
0x000007fefd890000 - 0x000007fefd89c000 	C:\Windows\system32\VERSION.dll
0x0000000074900000 - 0x0000000074906000 	C:\Program Files\NVIDIA Corporation\CoProcManager\detoured.dll
0x000007fefb700000 - 0x000007fefb732000 	C:\Program Files\NVIDIA Corporation\CoProcManager\nvd3d9wrapx.dll
0x000007feffbd0000 - 0x000007feffda7000 	C:\Windows\system32\SETUPAPI.dll
0x000007fefdb00000 - 0x000007fefdb36000 	C:\Windows\system32\CFGMGR32.dll
0x000007fefe400000 - 0x000007fefe4da000 	C:\Windows\system32\OLEAUT32.dll
0x000007fefe4e0000 - 0x000007fefe6dc000 	C:\Windows\system32\ole32.dll
0x000007fefdae0000 - 0x000007fefdafa000 	C:\Windows\system32\DEVOBJ.dll
0x000007fefb6d0000 - 0x000007fefb6f2000 	C:\Program Files\NVIDIA Corporation\CoProcManager\nvdxgiwrapx.dll
0x00000000570b0000 - 0x0000000057182000 	C:\Program Files\Java\jdk1.8.0_131\jre\bin\msvcr100.dll
0x0000000055fe0000 - 0x000000005687c000 	C:\Program Files\Java\jdk1.8.0_131\jre\bin\server\jvm.dll
0x000007fef5d90000 - 0x000007fef5d99000 	C:\Windows\system32\WSOCK32.dll
0x000007fefe830000 - 0x000007fefe87d000 	C:\Windows\system32\WS2_32.dll
0x000007feffbc0000 - 0x000007feffbc8000 	C:\Windows\system32\NSI.dll
0x000007fefae90000 - 0x000007fefaecb000 	C:\Windows\system32\WINMM.dll
0x0000000077e40000 - 0x0000000077e47000 	C:\Windows\system32\PSAPI.DLL
0x00000000614d0000 - 0x00000000614df000 	C:\Program Files\Java\jdk1.8.0_131\jre\bin\verify.dll
0x00000000614a0000 - 0x00000000614c9000 	C:\Program Files\Java\jdk1.8.0_131\jre\bin\java.dll
0x0000000061480000 - 0x0000000061496000 	C:\Program Files\Java\jdk1.8.0_131\jre\bin\zip.dll
0x000007fefee30000 - 0x000007feffbba000 	C:\Windows\system32\SHELL32.dll
0x000007fefd980000 - 0x000007fefd98f000 	C:\Windows\system32\profapi.dll
0x000000005fba0000 - 0x000000005fbad000 	C:\Program Files\Java\jdk1.8.0_131\jre\bin\management.dll
0x0000000061430000 - 0x000000006144a000 	C:\Program Files\Java\jdk1.8.0_131\jre\bin\net.dll
0x000007fefd150000 - 0x000007fefd1a5000 	C:\Windows\system32\mswsock.dll
0x000007fefd230000 - 0x000007fefd237000 	C:\Windows\System32\wship6.dll
0x000007fefb460000 - 0x000007fefb475000 	C:\Windows\system32\NLAapi.dll
0x000007feeabc0000 - 0x000007feeabd5000 	C:\Windows\system32\napinsp.dll
0x000007feeaba0000 - 0x000007feeabb9000 	C:\Windows\system32\pnrpnsp.dll
0x000007fefced0000 - 0x000007fefcf2b000 	C:\Windows\system32\DNSAPI.dll
0x000007feeab90000 - 0x000007feeab9b000 	C:\Windows\System32\winrnr.dll
0x000007feeab80000 - 0x000007feeab90000 	C:\Windows\system32\wshbth.dll
0x000007fefcaa0000 - 0x000007fefcaa7000 	C:\Windows\System32\wshtcpip.dll
0x000007fefc260000 - 0x000007fefc287000 	C:\Windows\system32\IPHLPAPI.DLL
0x000007fefc250000 - 0x000007fefc25b000 	C:\Windows\system32\WINNSI.DLL
0x000007fef6ce0000 - 0x000007fef6ce8000 	C:\Windows\system32\rasadhlp.dll
0x000007fefa660000 - 0x000007fefa6b3000 	C:\Windows\System32\fwpuclnt.dll
0x0000000060c50000 - 0x0000000060c61000 	C:\Program Files\Java\jdk1.8.0_131\jre\bin\nio.dll
0x000007fefd240000 - 0x000007fefd258000 	C:\Windows\system32\CRYPTSP.dll
0x000007fefcde0000 - 0x000007fefce27000 	C:\Windows\system32\rsaenh.dll
0x00000000024c0000 - 0x00000000024de000 	C:\Windows\system32\USERENV.dll
0x000007fefd780000 - 0x000007fefd78f000 	C:\Windows\system32\CRYPTBASE.dll
0x000007fefa730000 - 0x000007fefa741000 	C:\Windows\system32\dhcpcsvc6.DLL
0x000007fefa710000 - 0x000007fefa728000 	C:\Windows\system32\dhcpcsvc.DLL
0x000007feec990000 - 0x000007feecab5000 	C:\Windows\system32\dbghelp.dll

VM Arguments:
jvm_args: -Xms1G -Xmx2G -XX:MaxPermSize=64M -XX:+AggressiveOpts -XX:MaxDirectMemorySize=1G -DMYCAT_HOME=D:\Dev_Tools\MyCat-1.6 
java_command: io.mycat.MycatStartup
java_class_path (initial): ..\conf;..\lib\asm-4.0.jar;..\lib\commons-collections-3.2.1.jar;..\lib\commons-lang-2.6.jar;..\lib\curator-client-2.11.0.jar;..\lib\curator-framework-2.11.0.jar;..\lib\curator-recipes-2.11.0.jar;..\lib\disruptor-3.3.4.jar;..\lib\dom4j-1.6.1.jar;..\lib\druid-1.0.26.jar;..\lib\ehcache-core-2.6.11.jar;..\lib\fastjson-1.2.12.jar;..\lib\guava-19.0.jar;..\lib\hamcrest-core-1.3.jar;..\lib\hamcrest-library-1.3.jar;..\lib\jline-0.9.94.jar;..\lib\joda-time-2.9.3.jar;..\lib\jsr305-2.0.3.jar;..\lib\kryo-2.10.jar;..\lib\leveldb-0.7.jar;..\lib\leveldb-api-0.7.jar;..\lib\log4j-1.2-api-2.5.jar;..\lib\log4j-1.2.17.jar;..\lib\log4j-api-2.5.jar;..\lib\log4j-core-2.5.jar;..\lib\log4j-slf4j-impl-2.5.jar;..\lib\mapdb-1.0.7.jar;..\lib\minlog-1.2.jar;..\lib\mongo-java-driver-2.11.4.jar;..\lib\Mycat-server-1.6-RELEASE.jar;..\lib\mysql-binlog-connector-java-0.4.1.jar;..\lib\netty-3.7.0.Final.jar;..\lib\objenesis-1.2.jar;..\lib\reflectasm-1.03.jar;..\lib\sequoiadb-driver-1.12.jar;..\lib\slf4j-api-1.6.1.jar;..\lib\univocity-parsers-2.2.1.jar;..\lib\velocity-1.7.jar;..\lib\wrapper.jar;..\lib\zookeeper-3.4.6.jar
Launcher Type: SUN_STANDARD

Environment Variables:
JAVA_HOME=C:\Program Files\Java\jdk1.8.0_131
CLASSPATH=.;C:\Program Files\Java\jdk1.8.0_131\lib\dt.jar;C:\Program Files\Java\jdk1.8.0_131\lib\tools.jar
PATH=C:\Windows\system32;C:\Windows;C:\Windows\System32\Wbem;C:\Windows\System32\WindowsPowerShell\v1.0\;C:\Program Files\Intel\WiFi\bin\;C:\Program Files\Common Files\Intel\WirelessCommon\;C:\Program Files\Java\jdk1.8.0_131\bin;C:\Program Files\Lenovo\Fingerprint Manager Pro\;D:\Dev_Tools\apache-maven-3.5.0\bin;D:\Dev_Tools\apache-cxf-2.7.18\bin;D:\Dev_Tools\wildfly-10.0.0.Final\bin;D:\Dev_Tools\mysql-5.7.19\bin;D:\Dev_Tools\MyCat-1.6\bin;C:\Program Files\TortoiseSVN\bin;C:\Program Files\Git\cmd;C:\Program Files\Intel\WiFi\bin\;C:\Program Files\Common Files\Intel\WirelessCommon\
USERNAME=Administrator
OS=Windows_NT
PROCESSOR_IDENTIFIER=Intel64 Family 6 Model 78 Stepping 3, GenuineIntel



---------------  S Y S T E M  ---------------

OS: Windows 7 , 64 bit Build 7601 (6.1.7601.23915)

CPU:total 4 (initial active 4) (2 cores per cpu, 2 threads per core) family 6 model 78 stepping 3, cmov, cx8, fxsr, mmx, sse, sse2, sse3, ssse3, sse4.1, sse4.2, popcnt, avx, avx2, aes, clmul, erms, 3dnowpref, lzcnt, ht, tsc, tscinvbit, bmi1, bmi2, adx

Memory: 4k page, physical 11996492k(5949960k free), swap 23991124k(16567812k free)

vm_info: Java HotSpot(TM) 64-Bit Server VM (25.131-b11) for windows-amd64 JRE (1.8.0_131-b11), built on Mar 15 2017 01:23:53 by "java_re" with MS VC++ 10.0 (VS2010)

time: Mon Oct 23 17:38:03 2017
elapsed time: 53 seconds (0d 0h 0m 53s)

